Started GET "/users/sign_up" for ::1 at 2022-11-28 15:07:08 +0100
  
ActionController::RoutingError (No route matches [GET] "/users/sign_up"):
  
Started GET "/users/sign_up" for ::1 at 2022-11-28 15:07:59 +0100
  
ActionController::RoutingError (No route matches [GET] "/users/sign_up"):
  
Started GET "/users/sign_up" for ::1 at 2022-11-28 15:08:49 +0100
  
ActionController::RoutingError (No route matches [GET] "/users/sign_up"):
  
Started GET "/users/sign_up" for ::1 at 2022-11-28 15:08:52 +0100
  
ActionController::RoutingError (No route matches [GET] "/users/sign_up"):
  
Started GET "/" for ::1 at 2022-11-28 15:08:57 +0100

ActionController::RoutingError - uninitialized constant HomeController:

Started POST "/__better_errors/776080481d0506b4/variables" for ::1 at 2022-11-28 15:08:57 +0100
  [1m[35m (135.8ms)[0m  [1m[35mCREATE TABLE "schema_migrations" ("version" character varying NOT NULL PRIMARY KEY)[0m
  [1m[35m (20.0ms)[0m  [1m[35mCREATE TABLE "ar_internal_metadata" ("key" character varying NOT NULL PRIMARY KEY, "value" character varying, "created_at" timestamp(6) NOT NULL, "updated_at" timestamp(6) NOT NULL)[0m
  [1m[35m (0.7ms)[0m  [1m[34mSELECT pg_try_advisory_lock(4525132559246056695)[0m
  [1m[36mActiveRecord::SchemaMigration Pluck (0.8ms)[0m  [1m[34mSELECT "schema_migrations"."version" FROM "schema_migrations" ORDER BY "schema_migrations"."version" ASC[0m
  [1m[36mActiveRecord::InternalMetadata Load (1.8ms)[0m  [1m[34mSELECT "ar_internal_metadata".* FROM "ar_internal_metadata" WHERE "ar_internal_metadata"."key" = $1 LIMIT $2[0m  [["key", "environment"], ["LIMIT", 1]]
  [1m[36mTRANSACTION (0.6ms)[0m  [1m[35mBEGIN[0m
  [1m[36mActiveRecord::InternalMetadata Create (2.3ms)[0m  [1m[32mINSERT INTO "ar_internal_metadata" ("key", "value", "created_at", "updated_at") VALUES ($1, $2, $3, $4) RETURNING "key"[0m  [["key", "environment"], ["value", "development"], ["created_at", "2022-11-28 14:09:35.921605"], ["updated_at", "2022-11-28 14:09:35.921605"]]
  [1m[36mTRANSACTION (6.6ms)[0m  [1m[35mCOMMIT[0m
  [1m[35m (0.6ms)[0m  [1m[34mSELECT pg_advisory_unlock(4525132559246056695)[0m
  [1m[36mActiveRecord::SchemaMigration Pluck (0.5ms)[0m  [1m[34mSELECT "schema_migrations"."version" FROM "schema_migrations" ORDER BY "schema_migrations"."version" ASC[0m
Started GET "/" for ::1 at 2022-11-28 15:09:41 +0100

ActionController::RoutingError - uninitialized constant HomeController:

Started POST "/__better_errors/33c7955fbdde169c/variables" for ::1 at 2022-11-28 15:09:41 +0100
Started GET "/" for ::1 at 2022-11-28 15:09:43 +0100

ActionController::RoutingError - uninitialized constant HomeController:

Started POST "/__better_errors/37e43b1412ad841f/variables" for ::1 at 2022-11-28 15:09:43 +0100
Started GET "/" for ::1 at 2022-11-28 15:09:44 +0100

ActionController::RoutingError - uninitialized constant HomeController:

Started POST "/__better_errors/19ec1bac0096cb41/variables" for ::1 at 2022-11-28 15:09:44 +0100
Started GET "/" for ::1 at 2022-11-28 15:09:44 +0100

ActionController::RoutingError - uninitialized constant HomeController:

Started POST "/__better_errors/e43c2c4dba81fff1/variables" for ::1 at 2022-11-28 15:09:45 +0100
Started GET "/" for ::1 at 2022-11-28 15:09:45 +0100

ActionController::RoutingError - uninitialized constant HomeController:

Started POST "/__better_errors/d85acb6569dbbf43/variables" for ::1 at 2022-11-28 15:09:45 +0100
Started GET "/" for ::1 at 2022-11-28 15:10:09 +0100
  [1m[36mActiveRecord::SchemaMigration Pluck (0.9ms)[0m  [1m[34mSELECT "schema_migrations"."version" FROM "schema_migrations" ORDER BY "schema_migrations"."version" ASC[0m

ActionController::RoutingError - uninitialized constant HomeController:

Started POST "/__better_errors/ed18eaa47af0c387/variables" for ::1 at 2022-11-28 15:10:10 +0100
Started GET "/users/sign_up" for ::1 at 2022-11-28 15:10:19 +0100
  
ActionController::RoutingError (No route matches [GET] "/users/sign_up"):
  
  [1m[36mActiveRecord::SchemaMigration Pluck (0.8ms)[0m  [1m[34mSELECT "schema_migrations"."version" FROM "schema_migrations" ORDER BY "schema_migrations"."version" ASC[0m
  [1m[35m (0.6ms)[0m  [1m[34mSELECT pg_try_advisory_lock(4525132559246056695)[0m
  [1m[36mActiveRecord::SchemaMigration Pluck (1.2ms)[0m  [1m[34mSELECT "schema_migrations"."version" FROM "schema_migrations" ORDER BY "schema_migrations"."version" ASC[0m
  [1m[36mActiveRecord::InternalMetadata Load (0.7ms)[0m  [1m[34mSELECT "ar_internal_metadata".* FROM "ar_internal_metadata" WHERE "ar_internal_metadata"."key" = $1 LIMIT $2[0m  [["key", "environment"], ["LIMIT", 1]]
  [1m[35m (0.3ms)[0m  [1m[34mSELECT pg_advisory_unlock(4525132559246056695)[0m
  [1m[36mActiveRecord::SchemaMigration Pluck (1.6ms)[0m  [1m[34mSELECT "schema_migrations"."version" FROM "schema_migrations" ORDER BY "schema_migrations"."version" ASC[0m
  [1m[36mActiveRecord::SchemaMigration Pluck (1.4ms)[0m  [1m[34mSELECT "schema_migrations"."version" FROM "schema_migrations" ORDER BY "schema_migrations"."version" ASC[0m
  [1m[35m (3.1ms)[0m  [1m[34mSELECT pg_try_advisory_lock(4525132559246056695)[0m
  [1m[36mActiveRecord::SchemaMigration Pluck (1.0ms)[0m  [1m[34mSELECT "schema_migrations"."version" FROM "schema_migrations" ORDER BY "schema_migrations"."version" ASC[0m
Migrating to DeviseCreateUsers (20221128141326)
  [1m[36mTRANSACTION (0.3ms)[0m  [1m[35mBEGIN[0m
  [1m[35m (43.4ms)[0m  [1m[35mCREATE TABLE "users" ("id" bigserial primary key, "email" character varying DEFAULT '' NOT NULL, "encrypted_password" character varying DEFAULT '' NOT NULL, "reset_password_token" character varying, "reset_password_sent_at" timestamp(6), "remember_created_at" timestamp(6), "first_name" character varying, "last_name" character varying, "phone" character varying, "admin_id" integer, "last_login" timestamp, "created_at" timestamp(6) NOT NULL, "updated_at" timestamp(6) NOT NULL)[0m
  [1m[35m (7.0ms)[0m  [1m[35mCREATE UNIQUE INDEX "index_users_on_email" ON "users" ("email")[0m
  [1m[35m (5.6ms)[0m  [1m[35mCREATE UNIQUE INDEX "index_users_on_reset_password_token" ON "users" ("reset_password_token")[0m
  [1m[36mActiveRecord::SchemaMigration Create (1.0ms)[0m  [1m[32mINSERT INTO "schema_migrations" ("version") VALUES ($1) RETURNING "version"[0m  [["version", "20221128141326"]]
  [1m[36mTRANSACTION (3.9ms)[0m  [1m[35mCOMMIT[0m
  [1m[36mActiveRecord::InternalMetadata Load (0.7ms)[0m  [1m[34mSELECT "ar_internal_metadata".* FROM "ar_internal_metadata" WHERE "ar_internal_metadata"."key" = $1 LIMIT $2[0m  [["key", "environment"], ["LIMIT", 1]]
  [1m[35m (5.1ms)[0m  [1m[34mSELECT pg_advisory_unlock(4525132559246056695)[0m
  [1m[36mActiveRecord::SchemaMigration Pluck (1.1ms)[0m  [1m[34mSELECT "schema_migrations"."version" FROM "schema_migrations" ORDER BY "schema_migrations"."version" ASC[0m
  [1m[36mActiveRecord::SchemaMigration Pluck (1.3ms)[0m  [1m[34mSELECT "schema_migrations"."version" FROM "schema_migrations" ORDER BY "schema_migrations"."version" ASC[0m
Started GET "/users/sign_up" for ::1 at 2022-11-28 15:15:51 +0100
  [1m[36mActiveRecord::SchemaMigration Pluck (1.3ms)[0m  [1m[34mSELECT "schema_migrations"."version" FROM "schema_migrations" ORDER BY "schema_migrations"."version" ASC[0m
Processing by Devise::RegistrationsController#new as HTML
  Rendering layout layouts/application.html.erb
  Rendering devise/registrations/new.html.erb within layouts/application
  Rendered devise/shared/_error_messages.html.erb (Duration: 7.2ms | Allocations: 237)
  Rendered devise/shared/_links.html.erb (Duration: 1.4ms | Allocations: 667)
  Rendered devise/registrations/new.html.erb within layouts/application (Duration: 2010.2ms | Allocations: 1346878)
  Rendered layout layouts/application.html.erb (Duration: 2562.2ms | Allocations: 1437311)
Completed 200 OK in 2644ms (Views: 2599.9ms | ActiveRecord: 8.4ms | Allocations: 1463109)


Started POST "/users" for ::1 at 2022-11-28 15:16:28 +0100
Processing by Devise::RegistrationsController#create as TURBO_STREAM
  Parameters: {"authenticity_token"=>"[FILTERED]", "user"=>{"email"=>"jack@jack.com", "password"=>"[FILTERED]", "password_confirmation"=>"[FILTERED]"}, "commit"=>"Sign up"}
  [1m[36mTRANSACTION (3.8ms)[0m  [1m[35mBEGIN[0m
  [1m[36mUser Exists? (0.9ms)[0m  [1m[34mSELECT 1 AS one FROM "users" WHERE "users"."email" = $1 LIMIT $2[0m  [["email", "jack@jack.com"], ["LIMIT", 1]]
  [1m[36mUser Create (0.6ms)[0m  [1m[32mINSERT INTO "users" ("email", "encrypted_password", "reset_password_token", "reset_password_sent_at", "remember_created_at", "first_name", "last_name", "phone", "admin_id", "last_login", "created_at", "updated_at") VALUES ($1, $2, $3, $4, $5, $6, $7, $8, $9, $10, $11, $12) RETURNING "id"[0m  [["email", "jack@jack.com"], ["encrypted_password", "[FILTERED]"], ["reset_password_token", "[FILTERED]"], ["reset_password_sent_at", "[FILTERED]"], ["remember_created_at", nil], ["first_name", nil], ["last_name", nil], ["phone", nil], ["admin_id", nil], ["last_login", nil], ["created_at", "2022-11-28 14:16:28.286287"], ["updated_at", "2022-11-28 14:16:28.286287"]]
  [1m[36mTRANSACTION (4.0ms)[0m  [1m[35mCOMMIT[0m
Redirected to 
Completed 500 Internal Server Error in 294ms (ActiveRecord: 9.3ms | Allocations: 14268)



NoMethodError - undefined method `user_url' for #<Devise::RegistrationsController:0x0000000000cd50>:

Started POST "/__better_errors/31c80442575c1f00/variables" for ::1 at 2022-11-28 15:16:28 +0100
Started GET "/users/sign_up" for ::1 at 2022-11-28 15:20:10 +0100
Processing by Devise::RegistrationsController#new as HTML
  Rendering layout layouts/application.html.erb
  Rendering devise/registrations/new.html.erb within layouts/application
  Rendered devise/shared/_error_messages.html.erb (Duration: 0.0ms | Allocations: 14)
  Rendered devise/shared/_links.html.erb (Duration: 0.2ms | Allocations: 82)
  Rendered devise/registrations/new.html.erb within layouts/application (Duration: 3.2ms | Allocations: 1228)
  Rendered layout layouts/application.html.erb (Duration: 24.5ms | Allocations: 3420)
Completed 200 OK in 27ms (Views: 25.6ms | ActiveRecord: 0.0ms | Allocations: 4305)


Started POST "/users" for ::1 at 2022-11-28 15:20:22 +0100
Processing by Devise::RegistrationsController#create as TURBO_STREAM
  Parameters: {"authenticity_token"=>"[FILTERED]", "user"=>{"email"=>"jack@jack.com", "password"=>"[FILTERED]", "password_confirmation"=>"[FILTERED]"}, "commit"=>"Sign up"}
  [1m[36mTRANSACTION (0.1ms)[0m  [1m[35mBEGIN[0m
  [1m[36mUser Exists? (0.4ms)[0m  [1m[34mSELECT 1 AS one FROM "users" WHERE "users"."email" = $1 LIMIT $2[0m  [["email", "jack@jack.com"], ["LIMIT", 1]]
  [1m[36mTRANSACTION (0.4ms)[0m  [1m[31mROLLBACK[0m
  Rendering layout layouts/application.html.erb
  Rendering devise/registrations/new.html.erb within layouts/application
  Rendered devise/shared/_error_messages.html.erb (Duration: 1.7ms | Allocations: 567)
  Rendered devise/shared/_links.html.erb (Duration: 0.2ms | Allocations: 95)
  Rendered devise/registrations/new.html.erb within layouts/application (Duration: 6.7ms | Allocations: 2417)
  Rendered layout layouts/application.html.erb (Duration: 9.9ms | Allocations: 4655)
Completed 200 OK in 290ms (Views: 11.2ms | ActiveRecord: 0.9ms | Allocations: 9521)


Started POST "/users" for ::1 at 2022-11-28 15:20:26 +0100
Processing by Devise::RegistrationsController#create as TURBO_STREAM
  Parameters: {"authenticity_token"=>"[FILTERED]", "user"=>{"email"=>"jack@jack.com", "password"=>"[FILTERED]", "password_confirmation"=>"[FILTERED]"}, "commit"=>"Sign up"}
  [1m[36mTRANSACTION (0.1ms)[0m  [1m[35mBEGIN[0m
  [1m[36mUser Exists? (0.3ms)[0m  [1m[34mSELECT 1 AS one FROM "users" WHERE "users"."email" = $1 LIMIT $2[0m  [["email", "jack@jack.com"], ["LIMIT", 1]]
  [1m[36mTRANSACTION (0.1ms)[0m  [1m[31mROLLBACK[0m
  Rendering layout layouts/application.html.erb
  Rendering devise/registrations/new.html.erb within layouts/application
  Rendered devise/shared/_error_messages.html.erb (Duration: 0.7ms | Allocations: 466)
  Rendered devise/shared/_links.html.erb (Duration: 0.2ms | Allocations: 95)
  Rendered devise/registrations/new.html.erb within layouts/application (Duration: 4.4ms | Allocations: 2308)
  Rendered layout layouts/application.html.erb (Duration: 8.0ms | Allocations: 4546)
Completed 200 OK in 277ms (Views: 9.0ms | ActiveRecord: 0.6ms | Allocations: 9355)


Started POST "/users" for ::1 at 2022-11-28 15:20:28 +0100
Processing by Devise::RegistrationsController#create as TURBO_STREAM
  Parameters: {"authenticity_token"=>"[FILTERED]", "user"=>{"email"=>"jack@jack.com", "password"=>"[FILTERED]", "password_confirmation"=>"[FILTERED]"}, "commit"=>"Sign up"}
  [1m[36mTRANSACTION (0.5ms)[0m  [1m[35mBEGIN[0m
  [1m[36mUser Exists? (0.8ms)[0m  [1m[34mSELECT 1 AS one FROM "users" WHERE "users"."email" = $1 LIMIT $2[0m  [["email", "jack@jack.com"], ["LIMIT", 1]]
  [1m[36mTRANSACTION (1.2ms)[0m  [1m[31mROLLBACK[0m
  Rendering layout layouts/application.html.erb
  Rendering devise/registrations/new.html.erb within layouts/application
  Rendered devise/shared/_error_messages.html.erb (Duration: 0.6ms | Allocations: 466)
  Rendered devise/shared/_links.html.erb (Duration: 0.2ms | Allocations: 95)
  Rendered devise/registrations/new.html.erb within layouts/application (Duration: 4.0ms | Allocations: 2308)
  Rendered layout layouts/application.html.erb (Duration: 7.2ms | Allocations: 4545)
Completed 200 OK in 288ms (Views: 7.8ms | ActiveRecord: 2.5ms | Allocations: 9351)


Started POST "/users" for ::1 at 2022-11-28 15:20:28 +0100
Processing by Devise::RegistrationsController#create as TURBO_STREAM
  Parameters: {"authenticity_token"=>"[FILTERED]", "user"=>{"email"=>"jack@jack.com", "password"=>"[FILTERED]", "password_confirmation"=>"[FILTERED]"}, "commit"=>"Sign up"}
  [1m[36mTRANSACTION (8.1ms)[0m  [1m[35mBEGIN[0m
  [1m[36mUser Exists? (1.3ms)[0m  [1m[34mSELECT 1 AS one FROM "users" WHERE "users"."email" = $1 LIMIT $2[0m  [["email", "jack@jack.com"], ["LIMIT", 1]]
  [1m[36mTRANSACTION (0.6ms)[0m  [1m[31mROLLBACK[0m
  Rendering layout layouts/application.html.erb
  Rendering devise/registrations/new.html.erb within layouts/application
  Rendered devise/shared/_error_messages.html.erb (Duration: 0.8ms | Allocations: 466)
  Rendered devise/shared/_links.html.erb (Duration: 0.2ms | Allocations: 95)
  Rendered devise/registrations/new.html.erb within layouts/application (Duration: 6.0ms | Allocations: 2308)
  Rendered layout layouts/application.html.erb (Duration: 10.1ms | Allocations: 4546)
Completed 200 OK in 286ms (Views: 10.8ms | ActiveRecord: 10.0ms | Allocations: 9359)


Started POST "/users" for ::1 at 2022-11-28 15:20:43 +0100
Processing by Devise::RegistrationsController#create as TURBO_STREAM
  Parameters: {"authenticity_token"=>"[FILTERED]", "user"=>{"email"=>"jack1@jack.com", "password"=>"[FILTERED]", "password_confirmation"=>"[FILTERED]"}, "commit"=>"Sign up"}
  [1m[36mTRANSACTION (0.5ms)[0m  [1m[35mBEGIN[0m
  [1m[36mUser Exists? (0.7ms)[0m  [1m[34mSELECT 1 AS one FROM "users" WHERE "users"."email" = $1 LIMIT $2[0m  [["email", "jack1@jack.com"], ["LIMIT", 1]]
  [1m[36mUser Create (0.5ms)[0m  [1m[32mINSERT INTO "users" ("email", "encrypted_password", "reset_password_token", "reset_password_sent_at", "remember_created_at", "first_name", "last_name", "phone", "admin_id", "last_login", "created_at", "updated_at") VALUES ($1, $2, $3, $4, $5, $6, $7, $8, $9, $10, $11, $12) RETURNING "id"[0m  [["email", "jack1@jack.com"], ["encrypted_password", "[FILTERED]"], ["reset_password_token", "[FILTERED]"], ["reset_password_sent_at", "[FILTERED]"], ["remember_created_at", nil], ["first_name", nil], ["last_name", nil], ["phone", nil], ["admin_id", nil], ["last_login", nil], ["created_at", "2022-11-28 14:20:43.572376"], ["updated_at", "2022-11-28 14:20:43.572376"]]
  [1m[36mTRANSACTION (5.9ms)[0m  [1m[35mCOMMIT[0m
Redirected to 
Completed 500 Internal Server Error in 279ms (ActiveRecord: 7.7ms | Allocations: 7802)



NoMethodError - undefined method `user_url' for #<Devise::RegistrationsController:0x0000000000cfd0>:

Started POST "/__better_errors/3c5bfc55163fe433/variables" for ::1 at 2022-11-28 15:20:43 +0100
Started GET "/users/sign_up" for ::1 at 2022-11-28 15:21:27 +0100
  [1m[36mActiveRecord::SchemaMigration Pluck (3.7ms)[0m  [1m[34mSELECT "schema_migrations"."version" FROM "schema_migrations" ORDER BY "schema_migrations"."version" ASC[0m
Processing by Devise::RegistrationsController#new as HTML
  Rendering layout layouts/application.html.erb
  Rendering devise/registrations/new.html.erb within layouts/application
  Rendered devise/shared/_error_messages.html.erb (Duration: 1.8ms | Allocations: 237)
  Rendered devise/shared/_links.html.erb (Duration: 2.3ms | Allocations: 667)
  Rendered devise/registrations/new.html.erb within layouts/application (Duration: 326.4ms | Allocations: 344949)
  Rendered layout layouts/application.html.erb (Duration: 443.8ms | Allocations: 378774)
Completed 200 OK in 511ms (Views: 457.0ms | ActiveRecord: 6.2ms | Allocations: 404300)


Started POST "/users" for ::1 at 2022-11-28 15:21:41 +0100
Processing by Devise::RegistrationsController#create as TURBO_STREAM
  Parameters: {"authenticity_token"=>"[FILTERED]", "user"=>{"email"=>"test@test.com", "password"=>"[FILTERED]", "password_confirmation"=>"[FILTERED]"}, "commit"=>"Sign up"}
  [1m[36mTRANSACTION (0.6ms)[0m  [1m[35mBEGIN[0m
  [1m[36mUser Exists? (1.8ms)[0m  [1m[34mSELECT 1 AS one FROM "users" WHERE "users"."email" = $1 LIMIT $2[0m  [["email", "test@test.com"], ["LIMIT", 1]]
  [1m[36mUser Create (1.2ms)[0m  [1m[32mINSERT INTO "users" ("email", "encrypted_password", "reset_password_token", "reset_password_sent_at", "remember_created_at", "first_name", "last_name", "phone", "admin_id", "last_login", "created_at", "updated_at") VALUES ($1, $2, $3, $4, $5, $6, $7, $8, $9, $10, $11, $12) RETURNING "id"[0m  [["email", "test@test.com"], ["encrypted_password", "[FILTERED]"], ["reset_password_token", "[FILTERED]"], ["reset_password_sent_at", "[FILTERED]"], ["remember_created_at", nil], ["first_name", nil], ["last_name", nil], ["phone", nil], ["admin_id", nil], ["last_login", nil], ["created_at", "2022-11-28 14:21:41.579147"], ["updated_at", "2022-11-28 14:21:41.579147"]]
  [1m[36mTRANSACTION (3.5ms)[0m  [1m[35mCOMMIT[0m
Redirected to http://localhost:3000/
Completed 302 Found in 299ms (ActiveRecord: 6.9ms | Allocations: 11416)


Started GET "/" for ::1 at 2022-11-28 15:21:41 +0100

ActionController::RoutingError - uninitialized constant HomeController:

Started GET "/users/sign_up" for ::1 at 2022-11-28 15:21:41 +0100
Processing by Devise::RegistrationsController#new as HTML
  [1m[36mUser Load (1.1ms)[0m  [1m[34mSELECT "users".* FROM "users" WHERE "users"."id" = $1 ORDER BY "users"."id" ASC LIMIT $2[0m  [["id", 3], ["LIMIT", 1]]
Redirected to http://localhost:3000/
Filter chain halted as :require_no_authentication rendered or redirected
Completed 302 Found in 14ms (ActiveRecord: 1.7ms | Allocations: 2162)


Started GET "/" for ::1 at 2022-11-28 15:21:41 +0100

ActionController::RoutingError - uninitialized constant HomeController:

Started POST "/__better_errors/3d7a6332651c793f/variables" for ::1 at 2022-11-28 15:21:42 +0100
Started GET "/" for ::1 at 2022-11-28 15:29:09 +0100
Processing by StaticPagesController#index as HTML
  Rendering layout layouts/application.html.erb
  Rendering static_pages/index.html.erb within layouts/application
  [1m[36mUser Load (1.1ms)[0m  [1m[34mSELECT "users".* FROM "users" WHERE "users"."id" = $1 ORDER BY "users"."id" ASC LIMIT $2[0m  [["id", 3], ["LIMIT", 1]]
  ↳ app/views/static_pages/index.html.erb:4
  Rendered static_pages/index.html.erb within layouts/application (Duration: 46.8ms | Allocations: 8171)
  Rendered layout layouts/application.html.erb (Duration: 65.8ms | Allocations: 22013)
Completed 200 OK in 72ms (Views: 70.1ms | ActiveRecord: 14.2ms | Allocations: 23114)


Started GET "/users/sign_out" for ::1 at 2022-11-28 15:29:56 +0100
Processing by Devise::SessionsController#destroy as HTML
  [1m[36mUser Load (5.3ms)[0m  [1m[34mSELECT "users".* FROM "users" WHERE "users"."id" = $1 ORDER BY "users"."id" ASC LIMIT $2[0m  [["id", 3], ["LIMIT", 1]]
Redirected to http://localhost:3000/
Completed 302 Found in 21ms (ActiveRecord: 5.3ms | Allocations: 2941)


Started GET "/" for ::1 at 2022-11-28 15:29:56 +0100
Processing by StaticPagesController#index as HTML
  Rendering layout layouts/application.html.erb
  Rendering static_pages/index.html.erb within layouts/application
  Rendered static_pages/index.html.erb within layouts/application (Duration: 0.9ms | Allocations: 608)
  Rendered layout layouts/application.html.erb (Duration: 5.4ms | Allocations: 2822)
Completed 200 OK in 9ms (Views: 7.9ms | ActiveRecord: 0.0ms | Allocations: 3137)


Started GET "/" for ::1 at 2022-11-28 15:33:11 +0100

ActionController::RoutingError - uninitialized constant HomeController:

Started POST "/__better_errors/8b5f751a782d6581/variables" for ::1 at 2022-11-28 15:33:12 +0100
Started GET "/" for ::1 at 2022-11-28 15:33:14 +0100

ActionController::RoutingError - uninitialized constant HomeController:

Started POST "/__better_errors/346fb3e86f0777f9/variables" for ::1 at 2022-11-28 15:33:14 +0100
Started GET "/" for ::1 at 2022-11-28 15:34:46 +0100
Processing by HomeController#index as HTML
  Rendering layout layouts/application.html.erb
  Rendering home/index.html.erb within layouts/application
  Rendered home/index.html.erb within layouts/application (Duration: 3.5ms | Allocations: 897)
  Rendered layout layouts/application.html.erb (Duration: 65.9ms | Allocations: 14793)
Completed 200 OK in 71ms (Views: 68.1ms | ActiveRecord: 0.0ms | Allocations: 15853)


Started GET "/users/sign_in" for ::1 at 2022-11-28 15:34:50 +0100
Processing by Devise::SessionsController#new as HTML
  Rendering layout layouts/application.html.erb
  Rendering devise/sessions/new.html.erb within layouts/application
  Rendered devise/shared/_links.html.erb (Duration: 1.8ms | Allocations: 826)
  Rendered devise/sessions/new.html.erb within layouts/application (Duration: 45.5ms | Allocations: 3089)
  Rendered layout layouts/application.html.erb (Duration: 50.0ms | Allocations: 5359)
Completed 200 OK in 68ms (Views: 52.8ms | ActiveRecord: 7.3ms | Allocations: 10797)


Started GET "/users/sign_up" for ::1 at 2022-11-28 15:34:53 +0100
Processing by Devise::RegistrationsController#new as HTML
  Rendering layout layouts/application.html.erb
  Rendering devise/registrations/new.html.erb within layouts/application
  Rendered devise/shared/_error_messages.html.erb (Duration: 1.0ms | Allocations: 222)
  Rendered devise/shared/_links.html.erb (Duration: 0.5ms | Allocations: 101)
  Rendered devise/registrations/new.html.erb within layouts/application (Duration: 8.9ms | Allocations: 1946)
  Rendered layout layouts/application.html.erb (Duration: 15.5ms | Allocations: 4210)
Completed 200 OK in 22ms (Views: 19.4ms | ActiveRecord: 0.0ms | Allocations: 5766)


Started POST "/users" for ::1 at 2022-11-28 15:35:08 +0100
Processing by Devise::RegistrationsController#create as TURBO_STREAM
  Parameters: {"authenticity_token"=>"[FILTERED]", "user"=>{"email"=>"flo2@flo.com", "password"=>"[FILTERED]", "password_confirmation"=>"[FILTERED]"}, "commit"=>"Sign up"}
  [1m[36mTRANSACTION (0.2ms)[0m  [1m[35mBEGIN[0m
  [1m[36mUser Exists? (3.4ms)[0m  [1m[34mSELECT 1 AS one FROM "users" WHERE "users"."email" = $1 LIMIT $2[0m  [["email", "flo2@flo.com"], ["LIMIT", 1]]
  [1m[36mUser Create (0.5ms)[0m  [1m[32mINSERT INTO "users" ("email", "encrypted_password", "reset_password_token", "reset_password_sent_at", "remember_created_at", "first_name", "last_name", "phone", "admin_id", "last_login", "created_at", "updated_at") VALUES ($1, $2, $3, $4, $5, $6, $7, $8, $9, $10, $11, $12) RETURNING "id"[0m  [["email", "flo2@flo.com"], ["encrypted_password", "[FILTERED]"], ["reset_password_token", "[FILTERED]"], ["reset_password_sent_at", "[FILTERED]"], ["remember_created_at", nil], ["first_name", nil], ["last_name", nil], ["phone", nil], ["admin_id", nil], ["last_login", nil], ["created_at", "2022-11-28 14:35:08.466899"], ["updated_at", "2022-11-28 14:35:08.466899"]]
  [1m[36mTRANSACTION (9.6ms)[0m  [1m[35mCOMMIT[0m
Redirected to http://localhost:3000/
Completed 302 Found in 269ms (ActiveRecord: 13.7ms | Allocations: 6309)


Started GET "/" for ::1 at 2022-11-28 15:35:08 +0100
Processing by HomeController#index as TURBO_STREAM
  Rendering layout layouts/application.html.erb
  Rendering home/index.html.erb within layouts/application
  [1m[36mUser Load (0.3ms)[0m  [1m[34mSELECT "users".* FROM "users" WHERE "users"."id" = $1 ORDER BY "users"."id" ASC LIMIT $2[0m  [["id", 4], ["LIMIT", 1]]
  ↳ app/views/home/index.html.erb:5
  Rendered home/index.html.erb within layouts/application (Duration: 5.8ms | Allocations: 1569)
  Rendered layout layouts/application.html.erb (Duration: 9.7ms | Allocations: 3775)
Completed 200 OK in 14ms (Views: 12.6ms | ActiveRecord: 0.3ms | Allocations: 4139)


Started GET "/users/sign_out" for ::1 at 2022-11-28 15:35:14 +0100
Processing by Devise::SessionsController#destroy as HTML
  [1m[36mUser Load (0.8ms)[0m  [1m[34mSELECT "users".* FROM "users" WHERE "users"."id" = $1 ORDER BY "users"."id" ASC LIMIT $2[0m  [["id", 4], ["LIMIT", 1]]
Redirected to http://localhost:3000/
Completed 302 Found in 10ms (ActiveRecord: 0.8ms | Allocations: 2113)


Started GET "/" for ::1 at 2022-11-28 15:35:14 +0100
Processing by HomeController#index as HTML
  Rendering layout layouts/application.html.erb
  Rendering home/index.html.erb within layouts/application
  Rendered home/index.html.erb within layouts/application (Duration: 1.3ms | Allocations: 588)
  Rendered layout layouts/application.html.erb (Duration: 10.5ms | Allocations: 2799)
Completed 200 OK in 14ms (Views: 12.9ms | ActiveRecord: 0.0ms | Allocations: 3113)


  [1m[35m (2.1ms)[0m  [1m[35mCREATE DATABASE "cat_shop_development" ENCODING = 'unicode'[0m
  [1m[35m (0.8ms)[0m  [1m[35mCREATE DATABASE "cat_shop_test" ENCODING = 'unicode'[0m
  [1m[36mActiveRecord::SchemaMigration Pluck (2.1ms)[0m  [1m[34mSELECT "schema_migrations"."version" FROM "schema_migrations" ORDER BY "schema_migrations"."version" ASC[0m
  [1m[36mActiveRecord::InternalMetadata Pluck (1.1ms)[0m  [1m[34mSELECT "ar_internal_metadata"."value" FROM "ar_internal_metadata" WHERE "ar_internal_metadata"."key" = $1 LIMIT $2[0m  [["key", "environment"], ["LIMIT", 1]]
  [1m[36mActiveRecord::SchemaMigration Pluck (0.6ms)[0m  [1m[34mSELECT "schema_migrations"."version" FROM "schema_migrations" ORDER BY "schema_migrations"."version" ASC[0m
  [1m[36mActiveRecord::InternalMetadata Pluck (0.6ms)[0m  [1m[34mSELECT "ar_internal_metadata"."value" FROM "ar_internal_metadata" WHERE "ar_internal_metadata"."key" = $1 LIMIT $2[0m  [["key", "environment"], ["LIMIT", 1]]
  [1m[36mActiveRecord::SchemaMigration Pluck (0.6ms)[0m  [1m[34mSELECT "schema_migrations"."version" FROM "schema_migrations" ORDER BY "schema_migrations"."version" ASC[0m
  [1m[36mActiveRecord::InternalMetadata Pluck (0.7ms)[0m  [1m[34mSELECT "ar_internal_metadata"."value" FROM "ar_internal_metadata" WHERE "ar_internal_metadata"."key" = $1 LIMIT $2[0m  [["key", "environment"], ["LIMIT", 1]]
  [1m[35m (137.3ms)[0m  [1m[35mDROP DATABASE IF EXISTS "cat_shop_development"[0m
  [1m[35m (108.9ms)[0m  [1m[35mDROP DATABASE IF EXISTS "cat_shop_test"[0m
  [1m[35m (255.8ms)[0m  [1m[35mCREATE DATABASE "cat_shop_development" ENCODING = 'unicode'[0m
  [1m[35m (112.0ms)[0m  [1m[35mCREATE DATABASE "cat_shop_test" ENCODING = 'unicode'[0m
  [1m[35m (26.2ms)[0m  [1m[35mCREATE TABLE "schema_migrations" ("version" character varying NOT NULL PRIMARY KEY)[0m
  [1m[35m (23.5ms)[0m  [1m[35mCREATE TABLE "ar_internal_metadata" ("key" character varying NOT NULL PRIMARY KEY, "value" character varying, "created_at" timestamp(6) NOT NULL, "updated_at" timestamp(6) NOT NULL)[0m
  [1m[35m (0.6ms)[0m  [1m[34mSELECT pg_try_advisory_lock(4525132559246056695)[0m
  [1m[36mActiveRecord::SchemaMigration Pluck (1.4ms)[0m  [1m[34mSELECT "schema_migrations"."version" FROM "schema_migrations" ORDER BY "schema_migrations"."version" ASC[0m
Migrating to DeviseCreateUsers (20221128141326)
  [1m[36mTRANSACTION (0.6ms)[0m  [1m[35mBEGIN[0m
  [1m[35m (21.4ms)[0m  [1m[35mCREATE TABLE "users" ("id" bigserial primary key, "email" character varying DEFAULT '' NOT NULL, "encrypted_password" character varying DEFAULT '' NOT NULL, "reset_password_token" character varying, "reset_password_sent_at" timestamp(6), "remember_created_at" timestamp(6), "first_name" character varying, "last_name" character varying, "phone" character varying, "admin_id" integer, "last_login" timestamp, "created_at" timestamp(6) NOT NULL, "updated_at" timestamp(6) NOT NULL)[0m
  [1m[35m (8.9ms)[0m  [1m[35mCREATE UNIQUE INDEX "index_users_on_email" ON "users" ("email")[0m
  [1m[35m (9.5ms)[0m  [1m[35mCREATE UNIQUE INDEX "index_users_on_reset_password_token" ON "users" ("reset_password_token")[0m
  [1m[36mActiveRecord::SchemaMigration Create (1.5ms)[0m  [1m[32mINSERT INTO "schema_migrations" ("version") VALUES ($1) RETURNING "version"[0m  [["version", "20221128141326"]]
  [1m[36mTRANSACTION (4.2ms)[0m  [1m[35mCOMMIT[0m
Migrating to CreateProducts (20221128150838)
  [1m[36mTRANSACTION (0.7ms)[0m  [1m[35mBEGIN[0m
  [1m[35m (20.5ms)[0m  [1m[35mCREATE TABLE "products" ("id" bigserial primary key, "Name" character varying, "Description" text, "Category_ID" integer, "Price_ID" integer, "Unity" character varying, "Discount_ID" integer, "Stock_ID" integer, "created_at" timestamp(6) NOT NULL, "updated_at" timestamp(6) NOT NULL)[0m
  [1m[36mActiveRecord::SchemaMigration Create (0.8ms)[0m  [1m[32mINSERT INTO "schema_migrations" ("version") VALUES ($1) RETURNING "version"[0m  [["version", "20221128150838"]]
  [1m[36mTRANSACTION (4.0ms)[0m  [1m[35mCOMMIT[0m
Migrating to CreateProductCategories (20221128151125)
  [1m[36mTRANSACTION (0.5ms)[0m  [1m[35mBEGIN[0m
  [1m[35m (19.1ms)[0m  [1m[35mCREATE TABLE "product_categories" ("id" bigserial primary key, "Name" character varying, "Product_ID" integer, "created_at" timestamp(6) NOT NULL, "updated_at" timestamp(6) NOT NULL)[0m
  [1m[36mActiveRecord::SchemaMigration Create (0.9ms)[0m  [1m[32mINSERT INTO "schema_migrations" ("version") VALUES ($1) RETURNING "version"[0m  [["version", "20221128151125"]]
  [1m[36mTRANSACTION (4.2ms)[0m  [1m[35mCOMMIT[0m
Migrating to CreateDiscounts (20221128151207)
  [1m[36mTRANSACTION (0.6ms)[0m  [1m[35mBEGIN[0m
  [1m[35m (21.4ms)[0m  [1m[35mCREATE TABLE "discounts" ("id" bigserial primary key, "Name" character varying, "Discount_percent" integer, "Active" boolean, "created_at" timestamp(6) NOT NULL, "updated_at" timestamp(6) NOT NULL)[0m
  [1m[36mActiveRecord::SchemaMigration Create (1.0ms)[0m  [1m[32mINSERT INTO "schema_migrations" ("version") VALUES ($1) RETURNING "version"[0m  [["version", "20221128151207"]]
  [1m[36mTRANSACTION (4.4ms)[0m  [1m[35mCOMMIT[0m
Migrating to CreateStocks (20221128151247)
  [1m[36mTRANSACTION (0.6ms)[0m  [1m[35mBEGIN[0m
  [1m[35m (11.4ms)[0m  [1m[35mCREATE TABLE "stocks" ("id" bigserial primary key, "Quantity_gr" integer, "created_at" timestamp(6) NOT NULL, "updated_at" timestamp(6) NOT NULL)[0m
  [1m[36mActiveRecord::SchemaMigration Create (0.9ms)[0m  [1m[32mINSERT INTO "schema_migrations" ("version") VALUES ($1) RETURNING "version"[0m  [["version", "20221128151247"]]
  [1m[36mTRANSACTION (5.0ms)[0m  [1m[35mCOMMIT[0m
Migrating to CreateCarts (20221128151332)
  [1m[36mTRANSACTION (0.5ms)[0m  [1m[35mBEGIN[0m
  [1m[35m (12.2ms)[0m  [1m[35mCREATE TABLE "carts" ("id" bigserial primary key, "ID_product" integer, "Quantity" integer, "created_at" timestamp(6) NOT NULL, "updated_at" timestamp(6) NOT NULL)[0m
  [1m[36mActiveRecord::SchemaMigration Create (1.3ms)[0m  [1m[32mINSERT INTO "schema_migrations" ("version") VALUES ($1) RETURNING "version"[0m  [["version", "20221128151332"]]
  [1m[36mTRANSACTION (4.6ms)[0m  [1m[35mCOMMIT[0m
Migrating to CreateOrders (20221128151554)
  [1m[36mTRANSACTION (0.6ms)[0m  [1m[35mBEGIN[0m
  [1m[35m (12.3ms)[0m  [1m[35mCREATE TABLE "orders" ("id" bigserial primary key, "Cart_ID" integer, "User_ID" integer, "User_adress_ID" integer, "created_at" timestamp(6) NOT NULL, "updated_at" timestamp(6) NOT NULL)[0m
  [1m[36mActiveRecord::SchemaMigration Create (1.1ms)[0m  [1m[32mINSERT INTO "schema_migrations" ("version") VALUES ($1) RETURNING "version"[0m  [["version", "20221128151554"]]
  [1m[36mTRANSACTION (4.9ms)[0m  [1m[35mCOMMIT[0m
Migrating to CreatePayments (20221128151735)
  [1m[36mTRANSACTION (0.6ms)[0m  [1m[35mBEGIN[0m
  [1m[35m (19.9ms)[0m  [1m[35mCREATE TABLE "payments" ("id" bigserial primary key, "User_ID" integer, "Payment_type" character varying, "Status" boolean, "Amount" float, "Order_ID" integer, "created_at" timestamp(6) NOT NULL, "updated_at" timestamp(6) NOT NULL)[0m
  [1m[36mActiveRecord::SchemaMigration Create (0.6ms)[0m  [1m[32mINSERT INTO "schema_migrations" ("version") VALUES ($1) RETURNING "version"[0m  [["version", "20221128151735"]]
  [1m[36mTRANSACTION (5.1ms)[0m  [1m[35mCOMMIT[0m
  [1m[36mActiveRecord::InternalMetadata Load (1.3ms)[0m  [1m[34mSELECT "ar_internal_metadata".* FROM "ar_internal_metadata" WHERE "ar_internal_metadata"."key" = $1 LIMIT $2[0m  [["key", "environment"], ["LIMIT", 1]]
  [1m[36mTRANSACTION (0.5ms)[0m  [1m[35mBEGIN[0m
  [1m[36mActiveRecord::InternalMetadata Create (2.4ms)[0m  [1m[32mINSERT INTO "ar_internal_metadata" ("key", "value", "created_at", "updated_at") VALUES ($1, $2, $3, $4) RETURNING "key"[0m  [["key", "environment"], ["value", "development"], ["created_at", "2022-11-28 15:18:46.228156"], ["updated_at", "2022-11-28 15:18:46.228156"]]
  [1m[36mTRANSACTION (5.5ms)[0m  [1m[35mCOMMIT[0m
  [1m[35m (0.8ms)[0m  [1m[34mSELECT pg_advisory_unlock(4525132559246056695)[0m
  [1m[36mActiveRecord::SchemaMigration Pluck (1.6ms)[0m  [1m[34mSELECT "schema_migrations"."version" FROM "schema_migrations" ORDER BY "schema_migrations"."version" ASC[0m
  [1m[36mActiveRecord::SchemaMigration Pluck (2.0ms)[0m  [1m[34mSELECT "schema_migrations"."version" FROM "schema_migrations" ORDER BY "schema_migrations"."version" ASC[0m
